2018-02-01 16:03:32,805 INFO o.a.j.u.JMeterUtils: Setting Locale to en_US
2018-02-01 16:03:32,833 INFO o.a.j.JMeter: Loading user properties from: user.properties
2018-02-01 16:03:32,833 INFO o.a.j.JMeter: Loading system properties from: system.properties
2018-02-01 16:03:32,847 INFO o.a.j.JMeter: Copyright (c) 1998-2017 The Apache Software Foundation
2018-02-01 16:03:32,848 INFO o.a.j.JMeter: Version 3.3 r1808647
2018-02-01 16:03:32,848 INFO o.a.j.JMeter: java.version=1.8.0_161
2018-02-01 16:03:32,848 INFO o.a.j.JMeter: java.vm.name=Java HotSpot(TM) 64-Bit Server VM
2018-02-01 16:03:32,848 INFO o.a.j.JMeter: os.name=Linux
2018-02-01 16:03:32,848 INFO o.a.j.JMeter: os.arch=amd64
2018-02-01 16:03:32,848 INFO o.a.j.JMeter: os.version=4.13.0-32-generic
2018-02-01 16:03:32,848 INFO o.a.j.JMeter: file.encoding=UTF-8
2018-02-01 16:03:32,848 INFO o.a.j.JMeter: Max memory     =536870912
2018-02-01 16:03:32,848 INFO o.a.j.JMeter: Available Processors =8
2018-02-01 16:03:32,868 INFO o.a.j.JMeter: Default Locale=English (United States)
2018-02-01 16:03:32,868 INFO o.a.j.JMeter: JMeter  Locale=English (United States)
2018-02-01 16:03:32,868 INFO o.a.j.JMeter: JMeterHome=/home/manuel/Desktop/apache-jmeter-3.3
2018-02-01 16:03:32,868 INFO o.a.j.JMeter: user.dir  =/home/manuel/Desktop/apache-jmeter-3.3/bin
2018-02-01 16:03:32,868 INFO o.a.j.JMeter: PWD       =/home/manuel/Desktop/apache-jmeter-3.3/bin
2018-02-01 16:03:32,869 INFO o.a.j.JMeter: IP: 127.0.1.1 Name: manuel-XPS-15-9550 FullName: manuel-XPS-15-9550
2018-02-01 16:03:34,830 INFO o.a.j.g.a.LookAndFeelCommand: Using look and feel: javax.swing.plaf.metal.MetalLookAndFeel [Metal, CrossPlatform]
2018-02-01 16:03:34,868 INFO o.a.j.JMeter: Loaded icon properties from org/apache/jmeter/images/icon.properties
2018-02-01 16:03:36,345 INFO o.a.j.e.u.CompoundVariable: Note: Function class names must contain the string: '.functions.'
2018-02-01 16:03:36,345 INFO o.a.j.e.u.CompoundVariable: Note: Function class names must not contain the string: '.gui.'
2018-02-01 16:03:40,802 INFO o.a.j.g.u.MenuFactory: Skipping org.apache.jmeter.assertions.BSFAssertion
2018-02-01 16:03:41,400 INFO o.a.j.g.u.MenuFactory: Skipping org.apache.jmeter.extractor.BSFPostProcessor
2018-02-01 16:03:41,431 INFO o.a.j.g.u.MenuFactory: Skipping org.apache.jmeter.modifiers.BSFPreProcessor
2018-02-01 16:03:41,474 INFO o.a.j.p.h.s.HTTPSamplerBase: Parser for text/html is org.apache.jmeter.protocol.http.parser.LagartoBasedHtmlParser
2018-02-01 16:03:41,474 INFO o.a.j.p.h.s.HTTPSamplerBase: Parser for application/xhtml+xml is org.apache.jmeter.protocol.http.parser.LagartoBasedHtmlParser
2018-02-01 16:03:41,474 INFO o.a.j.p.h.s.HTTPSamplerBase: Parser for application/xml is org.apache.jmeter.protocol.http.parser.LagartoBasedHtmlParser
2018-02-01 16:03:41,474 INFO o.a.j.p.h.s.HTTPSamplerBase: Parser for text/xml is org.apache.jmeter.protocol.http.parser.LagartoBasedHtmlParser
2018-02-01 16:03:41,474 INFO o.a.j.p.h.s.HTTPSamplerBase: Parser for text/vnd.wap.wml is org.apache.jmeter.protocol.http.parser.RegexpHTMLParser
2018-02-01 16:03:41,474 INFO o.a.j.p.h.s.HTTPSamplerBase: Parser for text/css is org.apache.jmeter.protocol.http.parser.CssParser
2018-02-01 16:03:41,915 INFO o.a.j.e.KeyToolUtils: keytool found at 'keytool'
2018-02-01 16:03:41,916 INFO o.a.j.p.h.p.ProxyControl: HTTP(S) Test Script Recorder SSL Proxy will use keys that support embedded 3rd party resources in file /home/manuel/Desktop/apache-jmeter-3.3/bin/proxyserver.jks
2018-02-01 16:03:42,111 INFO o.a.j.g.u.MenuFactory: Skipping org.apache.jmeter.protocol.java.sampler.BSFSampler
2018-02-01 16:03:42,144 INFO o.a.j.s.FileServer: Default base='/home/manuel/Desktop/apache-jmeter-3.3/bin'
2018-02-01 16:03:42,231 INFO o.a.j.g.u.MenuFactory: Skipping org.apache.jmeter.protocol.mongodb.config.MongoSourceElement
2018-02-01 16:03:42,231 INFO o.a.j.g.u.MenuFactory: Skipping org.apache.jmeter.protocol.mongodb.sampler.MongoScriptSampler
2018-02-01 16:03:42,430 INFO o.a.j.g.u.MenuFactory: Skipping org.apache.jmeter.timers.BSFTimer
2018-02-01 16:03:42,476 INFO o.a.j.g.u.MenuFactory: Skipping org.apache.jmeter.visualizers.BSFListener
2018-02-01 16:03:42,600 INFO o.a.j.s.SampleResult: Note: Sample TimeStamps are START times
2018-02-01 16:03:42,600 INFO o.a.j.s.SampleResult: sampleresult.default.encoding is set to ISO-8859-1
2018-02-01 16:03:42,600 INFO o.a.j.s.SampleResult: sampleresult.useNanoTime=true
2018-02-01 16:03:42,600 INFO o.a.j.s.SampleResult: sampleresult.nanoThreadSleep=5000
